#! /usr/bin/vvp
:ivl_version "12.0 (stable)";
:ivl_delay_selection "TYPICAL";
:vpi_time_precision - 12;
:vpi_module "/usr/lib/x86_64-linux-gnu/ivl/system.vpi";
:vpi_module "/usr/lib/x86_64-linux-gnu/ivl/vhdl_sys.vpi";
:vpi_module "/usr/lib/x86_64-linux-gnu/ivl/vhdl_textio.vpi";
:vpi_module "/usr/lib/x86_64-linux-gnu/ivl/v2005_math.vpi";
:vpi_module "/usr/lib/x86_64-linux-gnu/ivl/va_math.vpi";
S_0x5dc554206310 .scope module, "tb_top" "tb_top" 2 5;
 .timescale -9 -12;
v0x5dc554230890_0 .var "beg", 0 0;
v0x5dc554230980_0 .var "clk", 0 0;
v0x5dc554230a70_0 .net "scl", 0 0, v0x5dc55422fcc0_0;  1 drivers
v0x5dc554230b60_0 .net "sda", 0 0, L_0x5dc554230c50;  1 drivers
S_0x5dc5542064a0 .scope module, "top" "top" 2 21, 3 2 0, S_0x5dc554206310;
 .timescale -9 -12;
    .port_info 0 /INPUT 1 "beg";
    .port_info 1 /INPUT 1 "clk";
    .port_info 2 /OUTPUT 1 "sda";
    .port_info 3 /OUTPUT 1 "scl";
o0x75dd32a89318 .functor BUFZ 1, C4<z>; HiZ drive
; Elide local net with no drivers, v0x5dc554230290_0 name=_ivl_0
v0x5dc554230390_0 .net "beg", 0 0, v0x5dc554230890_0;  1 drivers
v0x5dc554230450_0 .net "clk", 0 0, v0x5dc554230980_0;  1 drivers
v0x5dc554230550_0 .net "scl", 0 0, v0x5dc55422fcc0_0;  alias, 1 drivers
v0x5dc554230620_0 .net "sda", 0 0, L_0x5dc554230c50;  alias, 1 drivers
v0x5dc5542306c0_0 .net "sda_en", 0 0, v0x5dc55422fdd0_0;  1 drivers
v0x5dc554230790_0 .net "sda_out", 0 0, v0x5dc55422ff50_0;  1 drivers
L_0x5dc554230c50 .functor MUXZ 1, o0x75dd32a89318, v0x5dc55422ff50_0, v0x5dc55422fdd0_0, C4<>;
S_0x5dc554204660 .scope module, "master" "master" 3 13, 4 1 0, S_0x5dc5542064a0;
 .timescale -9 -12;
    .port_info 0 /OUTPUT 1 "scl";
    .port_info 1 /OUTPUT 1 "sda_out";
    .port_info 2 /OUTPUT 1 "sda_en";
    .port_info 3 /INPUT 1 "sda_in";
    .port_info 4 /INPUT 1 "clk";
    .port_info 5 /INPUT 1 "beg";
P_0x5dc554204840 .param/l "Default" 0 4 10, C4<000>;
P_0x5dc554204880 .param/l "Delay" 0 4 21, +C4<00000000000000000000000000000101>;
P_0x5dc5542048c0 .param/l "Listen" 0 4 11, C4<110>;
P_0x5dc554204900 .param/l "Ns" 0 4 20, +C4<00000000000000000000000011111010>;
P_0x5dc554204940 .param/l "Restart" 0 4 11, C4<101>;
P_0x5dc554204980 .param/l "Send_Add" 0 4 10, C4<010>;
P_0x5dc5542049c0 .param/l "Send_Reg" 0 4 11, C4<100>;
P_0x5dc554204a00 .param/l "Start" 0 4 10, C4<001>;
P_0x5dc554204a40 .param/l "Stretch" 0 4 11, C4<011>;
P_0x5dc554204a80 .param/l "Wait" 0 4 12, C4<111>;
v0x5dc5541dc170_0 .net "beg", 0 0, v0x5dc554230890_0;  alias, 1 drivers
v0x5dc55422fa30_0 .net "clk", 0 0, v0x5dc554230980_0;  alias, 1 drivers
v0x5dc55422faf0_0 .var "counter", 13 0;
v0x5dc55422fbe0_0 .var "listen_count", 3 0;
v0x5dc55422fcc0_0 .var "scl", 0 0;
v0x5dc55422fdd0_0 .var "sda_en", 0 0;
v0x5dc55422fe90_0 .net "sda_in", 0 0, L_0x5dc554230c50;  alias, 1 drivers
v0x5dc55422ff50_0 .var "sda_out", 0 0;
v0x5dc554230010_0 .var "st_prev", 2 0;
v0x5dc5542300f0_0 .var "state", 2 0;
E_0x5dc5541dd540 .event posedge, v0x5dc55422fa30_0;
    .scope S_0x5dc554204660;
T_0 ;
    %pushi/vec4 0, 0, 3;
    %assign/vec4 v0x5dc5542300f0_0, 0;
    %pushi/vec4 0, 0, 3;
    %assign/vec4 v0x5dc554230010_0, 0;
    %pushi/vec4 0, 0, 14;
    %assign/vec4 v0x5dc55422faf0_0, 0;
    %pushi/vec4 1, 0, 1;
    %assign/vec4 v0x5dc55422ff50_0, 0;
    %pushi/vec4 1, 0, 1;
    %assign/vec4 v0x5dc55422fdd0_0, 0;
    %pushi/vec4 0, 0, 4;
    %assign/vec4 v0x5dc55422fbe0_0, 0;
    %end;
    .thread T_0;
    .scope S_0x5dc554204660;
T_1 ;
    %wait E_0x5dc5541dd540;
    %load/vec4 v0x5dc5542300f0_0;
    %dup/vec4;
    %pushi/vec4 0, 0, 3;
    %cmp/u;
    %jmp/1 T_1.0, 6;
    %dup/vec4;
    %pushi/vec4 1, 0, 3;
    %cmp/u;
    %jmp/1 T_1.1, 6;
    %dup/vec4;
    %pushi/vec4 2, 0, 3;
    %cmp/u;
    %jmp/1 T_1.2, 6;
    %dup/vec4;
    %pushi/vec4 3, 0, 3;
    %cmp/u;
    %jmp/1 T_1.3, 6;
    %dup/vec4;
    %pushi/vec4 4, 0, 3;
    %cmp/u;
    %jmp/1 T_1.4, 6;
    %dup/vec4;
    %pushi/vec4 6, 0, 3;
    %cmp/u;
    %jmp/1 T_1.5, 6;
    %dup/vec4;
    %pushi/vec4 7, 0, 3;
    %cmp/u;
    %jmp/1 T_1.6, 6;
    %jmp T_1.7;
T_1.0 ;
    %load/vec4 v0x5dc5541dc170_0;
    %flag_set/vec4 8;
    %jmp/0xz  T_1.8, 8;
    %pushi/vec4 1, 0, 3;
    %assign/vec4 v0x5dc5542300f0_0, 0;
    %pushi/vec4 0, 0, 3;
    %assign/vec4 v0x5dc554230010_0, 0;
    %jmp T_1.9;
T_1.8 ;
    %pushi/vec4 0, 0, 3;
    %assign/vec4 v0x5dc5542300f0_0, 0;
    %pushi/vec4 0, 0, 3;
    %assign/vec4 v0x5dc554230010_0, 0;
    %pushi/vec4 1, 0, 1;
    %assign/vec4 v0x5dc55422fcc0_0, 0;
    %pushi/vec4 1, 0, 1;
    %assign/vec4 v0x5dc55422ff50_0, 0;
    %pushi/vec4 0, 0, 14;
    %assign/vec4 v0x5dc55422faf0_0, 0;
T_1.9 ;
    %jmp T_1.7;
T_1.1 ;
    %load/vec4 v0x5dc554230010_0;
    %cmpi/e 0, 0, 3;
    %jmp/0xz  T_1.10, 4;
    %load/vec4 v0x5dc55422faf0_0;
    %pad/u 32;
    %cmpi/e 250, 0, 32;
    %jmp/0xz  T_1.12, 4;
    %pushi/vec4 0, 0, 1;
    %assign/vec4 v0x5dc55422ff50_0, 0;
    %pushi/vec4 1, 0, 1;
    %assign/vec4 v0x5dc55422fcc0_0, 0;
    %load/vec4 v0x5dc55422faf0_0;
    %addi 1, 0, 14;
    %assign/vec4 v0x5dc55422faf0_0, 0;
    %jmp T_1.13;
T_1.12 ;
    %load/vec4 v0x5dc55422faf0_0;
    %pad/u 32;
    %cmpi/e 500, 0, 32;
    %jmp/0xz  T_1.14, 4;
    %pushi/vec4 0, 0, 1;
    %assign/vec4 v0x5dc55422ff50_0, 0;
    %pushi/vec4 0, 0, 1;
    %assign/vec4 v0x5dc55422fcc0_0, 0;
    %load/vec4 v0x5dc55422faf0_0;
    %addi 1, 0, 14;
    %assign/vec4 v0x5dc55422faf0_0, 0;
    %jmp T_1.15;
T_1.14 ;
    %load/vec4 v0x5dc55422faf0_0;
    %pad/u 32;
    %cmpi/e 750, 0, 32;
    %jmp/0xz  T_1.16, 4;
    %pushi/vec4 1, 0, 1;
    %assign/vec4 v0x5dc55422ff50_0, 0;
    %pushi/vec4 0, 0, 1;
    %assign/vec4 v0x5dc55422fcc0_0, 0;
    %pushi/vec4 0, 0, 14;
    %store/vec4 v0x5dc55422faf0_0, 0, 14;
    %pushi/vec4 2, 0, 3;
    %assign/vec4 v0x5dc5542300f0_0, 0;
    %pushi/vec4 0, 0, 3;
    %assign/vec4 v0x5dc554230010_0, 0;
    %jmp T_1.17;
T_1.16 ;
    %load/vec4 v0x5dc55422faf0_0;
    %addi 1, 0, 14;
    %assign/vec4 v0x5dc55422faf0_0, 0;
T_1.17 ;
T_1.15 ;
T_1.13 ;
    %jmp T_1.11;
T_1.10 ;
    %load/vec4 v0x5dc554230010_0;
    %cmpi/e 4, 0, 3;
    %jmp/0xz  T_1.18, 4;
    %load/vec4 v0x5dc55422faf0_0;
    %pad/u 32;
    %cmpi/e 250, 0, 32;
    %jmp/0xz  T_1.20, 4;
    %pushi/vec4 1, 0, 1;
    %assign/vec4 v0x5dc55422ff50_0, 0;
    %pushi/vec4 1, 0, 1;
    %assign/vec4 v0x5dc55422fcc0_0, 0;
    %load/vec4 v0x5dc55422faf0_0;
    %addi 1, 0, 14;
    %assign/vec4 v0x5dc55422faf0_0, 0;
    %jmp T_1.21;
T_1.20 ;
    %load/vec4 v0x5dc55422faf0_0;
    %pad/u 32;
    %cmpi/e 500, 0, 32;
    %jmp/0xz  T_1.22, 4;
    %pushi/vec4 0, 0, 1;
    %assign/vec4 v0x5dc55422ff50_0, 0;
    %pushi/vec4 1, 0, 1;
    %assign/vec4 v0x5dc55422fcc0_0, 0;
    %load/vec4 v0x5dc55422faf0_0;
    %addi 1, 0, 14;
    %assign/vec4 v0x5dc55422faf0_0, 0;
    %jmp T_1.23;
T_1.22 ;
    %load/vec4 v0x5dc55422faf0_0;
    %pad/u 32;
    %cmpi/e 750, 0, 32;
    %jmp/0xz  T_1.24, 4;
    %pushi/vec4 0, 0, 1;
    %assign/vec4 v0x5dc55422ff50_0, 0;
    %pushi/vec4 0, 0, 1;
    %assign/vec4 v0x5dc55422fcc0_0, 0;
    %load/vec4 v0x5dc55422faf0_0;
    %addi 1, 0, 14;
    %assign/vec4 v0x5dc55422faf0_0, 0;
    %jmp T_1.25;
T_1.24 ;
    %load/vec4 v0x5dc55422faf0_0;
    %pad/u 32;
    %cmpi/e 755, 0, 32;
    %jmp/0xz  T_1.26, 4;
    %pushi/vec4 1, 0, 1;
    %assign/vec4 v0x5dc55422ff50_0, 0;
    %pushi/vec4 0, 0, 1;
    %assign/vec4 v0x5dc55422fcc0_0, 0;
    %pushi/vec4 0, 0, 14;
    %store/vec4 v0x5dc55422faf0_0, 0, 14;
    %pushi/vec4 2, 0, 3;
    %assign/vec4 v0x5dc5542300f0_0, 0;
    %pushi/vec4 5, 0, 3;
    %assign/vec4 v0x5dc554230010_0, 0;
    %jmp T_1.27;
T_1.26 ;
    %load/vec4 v0x5dc55422faf0_0;
    %addi 1, 0, 14;
    %assign/vec4 v0x5dc55422faf0_0, 0;
T_1.27 ;
T_1.25 ;
T_1.23 ;
T_1.21 ;
T_1.18 ;
T_1.11 ;
    %jmp T_1.7;
T_1.2 ;
    %load/vec4 v0x5dc554230010_0;
    %cmpi/e 0, 0, 3;
    %jmp/0xz  T_1.28, 4;
    %load/vec4 v0x5dc55422faf0_0;
    %pad/u 32;
    %pushi/vec4 250, 0, 32;
    %mod;
    %cmpi/e 0, 0, 32;
    %flag_get/vec4 4;
    %jmp/0 T_1.32, 4;
    %load/vec4 v0x5dc55422faf0_0;
    %pad/u 32;
    %pushi/vec4 500, 0, 32;
    %mod;
    %pushi/vec4 0, 0, 32;
    %cmp/ne;
    %flag_get/vec4 4;
    %and;
T_1.32;
    %flag_set/vec4 8;
    %jmp/0xz  T_1.30, 8;
    %load/vec4 v0x5dc55422fcc0_0;
    %inv;
    %assign/vec4 v0x5dc55422fcc0_0, 0;
    %load/vec4 v0x5dc55422faf0_0;
    %addi 1, 0, 14;
    %assign/vec4 v0x5dc55422faf0_0, 0;
    %jmp T_1.31;
T_1.30 ;
    %load/vec4 v0x5dc55422faf0_0;
    %pad/u 32;
    %pushi/vec4 500, 0, 32;
    %mod;
    %cmpi/e 0, 0, 32;
    %jmp/0xz  T_1.33, 4;
    %pushi/vec4 0, 0, 1;
    %assign/vec4 v0x5dc55422fcc0_0, 0;
    %load/vec4 v0x5dc55422faf0_0;
    %addi 1, 0, 14;
    %assign/vec4 v0x5dc55422faf0_0, 0;
    %jmp T_1.34;
T_1.33 ;
    %load/vec4 v0x5dc55422faf0_0;
    %pad/u 32;
    %cmpi/e 505, 0, 32;
    %jmp/0xz  T_1.35, 4;
    %pushi/vec4 1, 0, 1;
    %assign/vec4 v0x5dc55422ff50_0, 0;
    %load/vec4 v0x5dc55422faf0_0;
    %addi 1, 0, 14;
    %assign/vec4 v0x5dc55422faf0_0, 0;
    %jmp T_1.36;
T_1.35 ;
    %load/vec4 v0x5dc55422faf0_0;
    %pad/u 32;
    %cmpi/e 1005, 0, 32;
    %jmp/0xz  T_1.37, 4;
    %pushi/vec4 0, 0, 1;
    %assign/vec4 v0x5dc55422ff50_0, 0;
    %load/vec4 v0x5dc55422faf0_0;
    %addi 1, 0, 14;
    %assign/vec4 v0x5dc55422faf0_0, 0;
    %jmp T_1.38;
T_1.37 ;
    %load/vec4 v0x5dc55422faf0_0;
    %pad/u 32;
    %cmpi/e 1505, 0, 32;
    %jmp/0xz  T_1.39, 4;
    %pushi/vec4 1, 0, 1;
    %assign/vec4 v0x5dc55422ff50_0, 0;
    %load/vec4 v0x5dc55422faf0_0;
    %addi 1, 0, 14;
    %assign/vec4 v0x5dc55422faf0_0, 0;
    %jmp T_1.40;
T_1.39 ;
    %load/vec4 v0x5dc55422faf0_0;
    %pad/u 32;
    %cmpi/e 2005, 0, 32;
    %jmp/0xz  T_1.41, 4;
    %pushi/vec4 0, 0, 1;
    %assign/vec4 v0x5dc55422ff50_0, 0;
    %load/vec4 v0x5dc55422faf0_0;
    %addi 1, 0, 14;
    %assign/vec4 v0x5dc55422faf0_0, 0;
    %jmp T_1.42;
T_1.41 ;
    %load/vec4 v0x5dc55422faf0_0;
    %pad/u 32;
    %cmpi/e 2505, 0, 32;
    %jmp/0xz  T_1.43, 4;
    %pushi/vec4 0, 0, 1;
    %assign/vec4 v0x5dc55422ff50_0, 0;
    %load/vec4 v0x5dc55422faf0_0;
    %addi 1, 0, 14;
    %assign/vec4 v0x5dc55422faf0_0, 0;
    %jmp T_1.44;
T_1.43 ;
    %load/vec4 v0x5dc55422faf0_0;
    %pad/u 32;
    %cmpi/e 3005, 0, 32;
    %jmp/0xz  T_1.45, 4;
    %pushi/vec4 0, 0, 1;
    %assign/vec4 v0x5dc55422ff50_0, 0;
    %load/vec4 v0x5dc55422faf0_0;
    %addi 1, 0, 14;
    %assign/vec4 v0x5dc55422faf0_0, 0;
    %jmp T_1.46;
T_1.45 ;
    %load/vec4 v0x5dc55422faf0_0;
    %pad/u 32;
    %cmpi/e 3505, 0, 32;
    %jmp/0xz  T_1.47, 4;
    %pushi/vec4 0, 0, 1;
    %assign/vec4 v0x5dc55422ff50_0, 0;
    %load/vec4 v0x5dc55422faf0_0;
    %addi 1, 0, 14;
    %assign/vec4 v0x5dc55422faf0_0, 0;
    %jmp T_1.48;
T_1.47 ;
    %load/vec4 v0x5dc55422faf0_0;
    %pad/u 32;
    %cmpi/e 4005, 0, 32;
    %jmp/0xz  T_1.49, 4;
    %pushi/vec4 1, 0, 1;
    %assign/vec4 v0x5dc55422ff50_0, 0;
    %pushi/vec4 0, 0, 1;
    %assign/vec4 v0x5dc55422fdd0_0, 0;
    %load/vec4 v0x5dc55422faf0_0;
    %addi 1, 0, 14;
    %assign/vec4 v0x5dc55422faf0_0, 0;
    %jmp T_1.50;
T_1.49 ;
    %load/vec4 v0x5dc55422faf0_0;
    %pad/u 32;
    %cmpi/e 4505, 0, 32;
    %jmp/0xz  T_1.51, 4;
    %pushi/vec4 1, 0, 1;
    %assign/vec4 v0x5dc55422fdd0_0, 0;
    %pushi/vec4 1, 0, 1;
    %assign/vec4 v0x5dc55422ff50_0, 0;
    %pushi/vec4 0, 0, 14;
    %assign/vec4 v0x5dc55422faf0_0, 0;
    %pushi/vec4 3, 0, 3;
    %assign/vec4 v0x5dc5542300f0_0, 0;
    %pushi/vec4 2, 0, 3;
    %assign/vec4 v0x5dc554230010_0, 0;
    %jmp T_1.52;
T_1.51 ;
    %load/vec4 v0x5dc55422faf0_0;
    %addi 1, 0, 14;
    %assign/vec4 v0x5dc55422faf0_0, 0;
T_1.52 ;
T_1.50 ;
T_1.48 ;
T_1.46 ;
T_1.44 ;
T_1.42 ;
T_1.40 ;
T_1.38 ;
T_1.36 ;
T_1.34 ;
T_1.31 ;
    %jmp T_1.29;
T_1.28 ;
    %load/vec4 v0x5dc554230010_0;
    %cmpi/e 5, 0, 3;
    %jmp/0xz  T_1.53, 4;
    %load/vec4 v0x5dc55422faf0_0;
    %pad/u 32;
    %pushi/vec4 250, 0, 32;
    %mod;
    %cmpi/e 0, 0, 32;
    %flag_get/vec4 4;
    %jmp/0 T_1.57, 4;
    %load/vec4 v0x5dc55422faf0_0;
    %pad/u 32;
    %pushi/vec4 500, 0, 32;
    %mod;
    %pushi/vec4 0, 0, 32;
    %cmp/ne;
    %flag_get/vec4 4;
    %and;
T_1.57;
    %flag_set/vec4 8;
    %jmp/0xz  T_1.55, 8;
    %load/vec4 v0x5dc55422fcc0_0;
    %inv;
    %assign/vec4 v0x5dc55422fcc0_0, 0;
    %load/vec4 v0x5dc55422faf0_0;
    %addi 1, 0, 14;
    %assign/vec4 v0x5dc55422faf0_0, 0;
    %jmp T_1.56;
T_1.55 ;
    %load/vec4 v0x5dc55422faf0_0;
    %pad/u 32;
    %pushi/vec4 500, 0, 32;
    %mod;
    %cmpi/e 0, 0, 32;
    %jmp/0xz  T_1.58, 4;
    %pushi/vec4 0, 0, 1;
    %assign/vec4 v0x5dc55422fcc0_0, 0;
    %load/vec4 v0x5dc55422faf0_0;
    %addi 1, 0, 14;
    %assign/vec4 v0x5dc55422faf0_0, 0;
    %jmp T_1.59;
T_1.58 ;
    %load/vec4 v0x5dc55422faf0_0;
    %pad/u 32;
    %cmpi/e 505, 0, 32;
    %jmp/0xz  T_1.60, 4;
    %pushi/vec4 1, 0, 1;
    %assign/vec4 v0x5dc55422ff50_0, 0;
    %load/vec4 v0x5dc55422faf0_0;
    %addi 1, 0, 14;
    %assign/vec4 v0x5dc55422faf0_0, 0;
    %jmp T_1.61;
T_1.60 ;
    %load/vec4 v0x5dc55422faf0_0;
    %pad/u 32;
    %cmpi/e 1005, 0, 32;
    %jmp/0xz  T_1.62, 4;
    %pushi/vec4 0, 0, 1;
    %assign/vec4 v0x5dc55422ff50_0, 0;
    %load/vec4 v0x5dc55422faf0_0;
    %addi 1, 0, 14;
    %assign/vec4 v0x5dc55422faf0_0, 0;
    %jmp T_1.63;
T_1.62 ;
    %load/vec4 v0x5dc55422faf0_0;
    %pad/u 32;
    %cmpi/e 1505, 0, 32;
    %jmp/0xz  T_1.64, 4;
    %pushi/vec4 1, 0, 1;
    %assign/vec4 v0x5dc55422ff50_0, 0;
    %load/vec4 v0x5dc55422faf0_0;
    %addi 1, 0, 14;
    %assign/vec4 v0x5dc55422faf0_0, 0;
    %jmp T_1.65;
T_1.64 ;
    %load/vec4 v0x5dc55422faf0_0;
    %pad/u 32;
    %cmpi/e 2005, 0, 32;
    %jmp/0xz  T_1.66, 4;
    %pushi/vec4 0, 0, 1;
    %assign/vec4 v0x5dc55422ff50_0, 0;
    %load/vec4 v0x5dc55422faf0_0;
    %addi 1, 0, 14;
    %assign/vec4 v0x5dc55422faf0_0, 0;
    %jmp T_1.67;
T_1.66 ;
    %load/vec4 v0x5dc55422faf0_0;
    %pad/u 32;
    %cmpi/e 2505, 0, 32;
    %jmp/0xz  T_1.68, 4;
    %pushi/vec4 0, 0, 1;
    %assign/vec4 v0x5dc55422ff50_0, 0;
    %load/vec4 v0x5dc55422faf0_0;
    %addi 1, 0, 14;
    %assign/vec4 v0x5dc55422faf0_0, 0;
    %jmp T_1.69;
T_1.68 ;
    %load/vec4 v0x5dc55422faf0_0;
    %pad/u 32;
    %cmpi/e 3005, 0, 32;
    %jmp/0xz  T_1.70, 4;
    %pushi/vec4 0, 0, 1;
    %assign/vec4 v0x5dc55422ff50_0, 0;
    %load/vec4 v0x5dc55422faf0_0;
    %addi 1, 0, 14;
    %assign/vec4 v0x5dc55422faf0_0, 0;
    %jmp T_1.71;
T_1.70 ;
    %load/vec4 v0x5dc55422faf0_0;
    %pad/u 32;
    %cmpi/e 3505, 0, 32;
    %jmp/0xz  T_1.72, 4;
    %pushi/vec4 1, 0, 1;
    %assign/vec4 v0x5dc55422ff50_0, 0;
    %load/vec4 v0x5dc55422faf0_0;
    %addi 1, 0, 14;
    %assign/vec4 v0x5dc55422faf0_0, 0;
    %jmp T_1.73;
T_1.72 ;
    %load/vec4 v0x5dc55422faf0_0;
    %pad/u 32;
    %cmpi/e 4005, 0, 32;
    %jmp/0xz  T_1.74, 4;
    %pushi/vec4 1, 0, 1;
    %assign/vec4 v0x5dc55422ff50_0, 0;
    %pushi/vec4 0, 0, 1;
    %assign/vec4 v0x5dc55422fdd0_0, 0;
    %load/vec4 v0x5dc55422faf0_0;
    %addi 1, 0, 14;
    %assign/vec4 v0x5dc55422faf0_0, 0;
    %jmp T_1.75;
T_1.74 ;
    %load/vec4 v0x5dc55422faf0_0;
    %pad/u 32;
    %cmpi/e 4505, 0, 32;
    %jmp/0xz  T_1.76, 4;
    %pushi/vec4 1, 0, 1;
    %assign/vec4 v0x5dc55422fdd0_0, 0;
    %pushi/vec4 0, 0, 1;
    %assign/vec4 v0x5dc55422ff50_0, 0;
    %pushi/vec4 0, 0, 14;
    %assign/vec4 v0x5dc55422faf0_0, 0;
    %pushi/vec4 3, 0, 3;
    %assign/vec4 v0x5dc5542300f0_0, 0;
    %pushi/vec4 5, 0, 3;
    %assign/vec4 v0x5dc554230010_0, 0;
    %jmp T_1.77;
T_1.76 ;
    %load/vec4 v0x5dc55422faf0_0;
    %addi 1, 0, 14;
    %assign/vec4 v0x5dc55422faf0_0, 0;
T_1.77 ;
T_1.75 ;
T_1.73 ;
T_1.71 ;
T_1.69 ;
T_1.67 ;
T_1.65 ;
T_1.63 ;
T_1.61 ;
T_1.59 ;
T_1.56 ;
T_1.53 ;
T_1.29 ;
    %jmp T_1.7;
T_1.3 ;
    %load/vec4 v0x5dc554230010_0;
    %cmpi/e 2, 0, 3;
    %jmp/0xz  T_1.78, 4;
    %load/vec4 v0x5dc55422faf0_0;
    %pad/u 32;
    %cmpi/e 250, 0, 32;
    %jmp/0xz  T_1.80, 4;
    %pushi/vec4 0, 0, 1;
    %assign/vec4 v0x5dc55422ff50_0, 0;
    %pushi/vec4 0, 0, 1;
    %assign/vec4 v0x5dc55422fcc0_0, 0;
    %pushi/vec4 0, 0, 14;
    %assign/vec4 v0x5dc55422faf0_0, 0;
    %pushi/vec4 4, 0, 3;
    %assign/vec4 v0x5dc5542300f0_0, 0;
    %jmp T_1.81;
T_1.80 ;
    %load/vec4 v0x5dc55422faf0_0;
    %addi 1, 0, 14;
    %assign/vec4 v0x5dc55422faf0_0, 0;
T_1.81 ;
    %jmp T_1.79;
T_1.78 ;
    %load/vec4 v0x5dc554230010_0;
    %cmpi/e 4, 0, 3;
    %jmp/0xz  T_1.82, 4;
    %load/vec4 v0x5dc55422faf0_0;
    %pad/u 32;
    %cmpi/e 250, 0, 32;
    %jmp/0xz  T_1.84, 4;
    %pushi/vec4 1, 0, 1;
    %assign/vec4 v0x5dc55422ff50_0, 0;
    %pushi/vec4 0, 0, 1;
    %assign/vec4 v0x5dc55422fcc0_0, 0;
    %pushi/vec4 0, 0, 14;
    %assign/vec4 v0x5dc55422faf0_0, 0;
    %pushi/vec4 1, 0, 3;
    %assign/vec4 v0x5dc5542300f0_0, 0;
    %pushi/vec4 4, 0, 3;
    %assign/vec4 v0x5dc554230010_0, 0;
    %jmp T_1.85;
T_1.84 ;
    %load/vec4 v0x5dc55422faf0_0;
    %addi 1, 0, 14;
    %assign/vec4 v0x5dc55422faf0_0, 0;
T_1.85 ;
    %jmp T_1.83;
T_1.82 ;
    %load/vec4 v0x5dc554230010_0;
    %cmpi/e 5, 0, 3;
    %jmp/0xz  T_1.86, 4;
    %load/vec4 v0x5dc55422faf0_0;
    %pad/u 32;
    %cmpi/e 250, 0, 32;
    %jmp/0xz  T_1.88, 4;
    %pushi/vec4 0, 0, 1;
    %assign/vec4 v0x5dc55422ff50_0, 0;
    %pushi/vec4 0, 0, 1;
    %assign/vec4 v0x5dc55422fcc0_0, 0;
    %pushi/vec4 0, 0, 14;
    %assign/vec4 v0x5dc55422faf0_0, 0;
    %pushi/vec4 6, 0, 3;
    %assign/vec4 v0x5dc5542300f0_0, 0;
    %pushi/vec4 0, 0, 1;
    %assign/vec4 v0x5dc55422fdd0_0, 0;
    %jmp T_1.89;
T_1.88 ;
    %load/vec4 v0x5dc55422faf0_0;
    %addi 1, 0, 14;
    %assign/vec4 v0x5dc55422faf0_0, 0;
T_1.89 ;
T_1.86 ;
T_1.83 ;
T_1.79 ;
    %jmp T_1.7;
T_1.4 ;
    %load/vec4 v0x5dc55422faf0_0;
    %pad/u 32;
    %pushi/vec4 250, 0, 32;
    %mod;
    %cmpi/e 0, 0, 32;
    %flag_get/vec4 4;
    %jmp/0 T_1.92, 4;
    %load/vec4 v0x5dc55422faf0_0;
    %pad/u 32;
    %pushi/vec4 500, 0, 32;
    %mod;
    %pushi/vec4 0, 0, 32;
    %cmp/ne;
    %flag_get/vec4 4;
    %and;
T_1.92;
    %flag_set/vec4 8;
    %jmp/0xz  T_1.90, 8;
    %load/vec4 v0x5dc55422fcc0_0;
    %inv;
    %assign/vec4 v0x5dc55422fcc0_0, 0;
    %load/vec4 v0x5dc55422faf0_0;
    %addi 1, 0, 14;
    %assign/vec4 v0x5dc55422faf0_0, 0;
    %jmp T_1.91;
T_1.90 ;
    %load/vec4 v0x5dc55422faf0_0;
    %pad/u 32;
    %pushi/vec4 500, 0, 32;
    %mod;
    %cmpi/e 0, 0, 32;
    %jmp/0xz  T_1.93, 4;
    %pushi/vec4 0, 0, 1;
    %assign/vec4 v0x5dc55422fcc0_0, 0;
    %load/vec4 v0x5dc55422faf0_0;
    %addi 1, 0, 14;
    %assign/vec4 v0x5dc55422faf0_0, 0;
    %jmp T_1.94;
T_1.93 ;
    %load/vec4 v0x5dc55422faf0_0;
    %pad/u 32;
    %cmpi/e 4005, 0, 32;
    %jmp/0xz  T_1.95, 4;
    %pushi/vec4 1, 0, 1;
    %assign/vec4 v0x5dc55422ff50_0, 0;
    %pushi/vec4 0, 0, 1;
    %assign/vec4 v0x5dc55422fdd0_0, 0;
    %load/vec4 v0x5dc55422faf0_0;
    %addi 1, 0, 14;
    %assign/vec4 v0x5dc55422faf0_0, 0;
    %jmp T_1.96;
T_1.95 ;
    %load/vec4 v0x5dc55422faf0_0;
    %pad/u 32;
    %cmpi/e 4505, 0, 32;
    %jmp/0xz  T_1.97, 4;
    %pushi/vec4 1, 0, 1;
    %assign/vec4 v0x5dc55422fdd0_0, 0;
    %pushi/vec4 0, 0, 1;
    %assign/vec4 v0x5dc55422ff50_0, 0;
    %pushi/vec4 0, 0, 14;
    %assign/vec4 v0x5dc55422faf0_0, 0;
    %pushi/vec4 3, 0, 3;
    %assign/vec4 v0x5dc5542300f0_0, 0;
    %pushi/vec4 4, 0, 3;
    %assign/vec4 v0x5dc554230010_0, 0;
    %jmp T_1.98;
T_1.97 ;
    %load/vec4 v0x5dc55422faf0_0;
    %addi 1, 0, 14;
    %assign/vec4 v0x5dc55422faf0_0, 0;
T_1.98 ;
T_1.96 ;
T_1.94 ;
T_1.91 ;
    %jmp T_1.7;
T_1.5 ;
    %load/vec4 v0x5dc55422fbe0_0;
    %pad/u 32;
    %cmpi/u 7, 0, 32;
    %jmp/0xz  T_1.99, 5;
    %load/vec4 v0x5dc55422faf0_0;
    %pad/u 32;
    %pushi/vec4 250, 0, 32;
    %mod;
    %cmpi/e 0, 0, 32;
    %flag_get/vec4 4;
    %jmp/0 T_1.104, 4;
    %load/vec4 v0x5dc55422faf0_0;
    %pad/u 32;
    %pushi/vec4 500, 0, 32;
    %mod;
    %pushi/vec4 0, 0, 32;
    %cmp/ne;
    %flag_get/vec4 4;
    %and;
T_1.104;
    %flag_set/vec4 9;
    %flag_get/vec4 9;
    %jmp/0 T_1.103, 9;
    %load/vec4 v0x5dc55422faf0_0;
    %pad/u 32;
    %pushi/vec4 4750, 0, 32;
    %cmp/ne;
    %flag_get/vec4 4;
    %and;
T_1.103;
    %flag_set/vec4 8;
    %jmp/0xz  T_1.101, 8;
    %load/vec4 v0x5dc55422fcc0_0;
    %inv;
    %assign/vec4 v0x5dc55422fcc0_0, 0;
    %load/vec4 v0x5dc55422faf0_0;
    %addi 1, 0, 14;
    %assign/vec4 v0x5dc55422faf0_0, 0;
    %jmp T_1.102;
T_1.101 ;
    %load/vec4 v0x5dc55422faf0_0;
    %pad/u 32;
    %pushi/vec4 500, 0, 32;
    %mod;
    %cmpi/e 0, 0, 32;
    %jmp/0xz  T_1.105, 4;
    %pushi/vec4 0, 0, 1;
    %assign/vec4 v0x5dc55422fcc0_0, 0;
    %load/vec4 v0x5dc55422faf0_0;
    %addi 1, 0, 14;
    %assign/vec4 v0x5dc55422faf0_0, 0;
    %jmp T_1.106;
T_1.105 ;
    %load/vec4 v0x5dc55422faf0_0;
    %pad/u 32;
    %cmpi/e 4005, 0, 32;
    %jmp/0xz  T_1.107, 4;
    %pushi/vec4 0, 0, 1;
    %assign/vec4 v0x5dc55422ff50_0, 0;
    %pushi/vec4 1, 0, 1;
    %assign/vec4 v0x5dc55422fdd0_0, 0;
    %load/vec4 v0x5dc55422faf0_0;
    %addi 1, 0, 14;
    %assign/vec4 v0x5dc55422faf0_0, 0;
    %jmp T_1.108;
T_1.107 ;
    %load/vec4 v0x5dc55422faf0_0;
    %pad/u 32;
    %cmpi/e 4505, 0, 32;
    %jmp/0xz  T_1.109, 4;
    %pushi/vec4 1, 0, 1;
    %assign/vec4 v0x5dc55422ff50_0, 0;
    %pushi/vec4 0, 0, 1;
    %assign/vec4 v0x5dc55422fdd0_0, 0;
    %load/vec4 v0x5dc55422faf0_0;
    %addi 1, 0, 14;
    %assign/vec4 v0x5dc55422faf0_0, 0;
    %jmp T_1.110;
T_1.109 ;
    %load/vec4 v0x5dc55422faf0_0;
    %pad/u 32;
    %cmpi/e 4750, 0, 32;
    %jmp/0xz  T_1.111, 4;
    %pushi/vec4 1, 0, 1;
    %assign/vec4 v0x5dc55422ff50_0, 0;
    %pushi/vec4 0, 0, 1;
    %assign/vec4 v0x5dc55422fdd0_0, 0;
    %pushi/vec4 0, 0, 1;
    %assign/vec4 v0x5dc55422fcc0_0, 0;
    %pushi/vec4 0, 0, 14;
    %assign/vec4 v0x5dc55422faf0_0, 0;
    %load/vec4 v0x5dc55422fbe0_0;
    %addi 1, 0, 4;
    %assign/vec4 v0x5dc55422fbe0_0, 0;
    %jmp T_1.112;
T_1.111 ;
    %load/vec4 v0x5dc55422faf0_0;
    %addi 1, 0, 14;
    %assign/vec4 v0x5dc55422faf0_0, 0;
T_1.112 ;
T_1.110 ;
T_1.108 ;
T_1.106 ;
T_1.102 ;
    %jmp T_1.100;
T_1.99 ;
    %load/vec4 v0x5dc55422fbe0_0;
    %pad/u 32;
    %cmpi/e 7, 0, 32;
    %jmp/0xz  T_1.113, 4;
    %pushi/vec4 7, 0, 3;
    %assign/vec4 v0x5dc5542300f0_0, 0;
    %pushi/vec4 6, 0, 3;
    %assign/vec4 v0x5dc554230010_0, 0;
    %pushi/vec4 1, 0, 1;
    %assign/vec4 v0x5dc55422fdd0_0, 0;
    %pushi/vec4 0, 0, 14;
    %assign/vec4 v0x5dc55422faf0_0, 0;
    %pushi/vec4 0, 0, 4;
    %assign/vec4 v0x5dc55422fbe0_0, 0;
T_1.113 ;
T_1.100 ;
    %jmp T_1.7;
T_1.6 ;
    %load/vec4 v0x5dc5541dc170_0;
    %pad/u 32;
    %cmpi/e 0, 0, 32;
    %jmp/0xz  T_1.115, 4;
    %pushi/vec4 0, 0, 3;
    %assign/vec4 v0x5dc5542300f0_0, 0;
T_1.115 ;
    %jmp T_1.7;
T_1.7 ;
    %pop/vec4 1;
    %jmp T_1;
    .thread T_1;
    .scope S_0x5dc554206310;
T_2 ;
    %pushi/vec4 0, 0, 1;
    %store/vec4 v0x5dc554230980_0, 0, 1;
    %pushi/vec4 0, 0, 1;
    %store/vec4 v0x5dc554230890_0, 0, 1;
    %end;
    .thread T_2;
    .scope S_0x5dc554206310;
T_3 ;
    %delay 41667, 0;
    %load/vec4 v0x5dc554230980_0;
    %inv;
    %store/vec4 v0x5dc554230980_0, 0, 1;
    %jmp T_3;
    .thread T_3;
    .scope S_0x5dc554206310;
T_4 ;
    %delay 416000670, 0;
    %pushi/vec4 1, 0, 1;
    %store/vec4 v0x5dc554230890_0, 0, 1;
    %delay 2000000000, 0;
    %pushi/vec4 0, 0, 1;
    %store/vec4 v0x5dc554230890_0, 0, 1;
    %delay 3000000000, 0;
    %pushi/vec4 1, 0, 1;
    %store/vec4 v0x5dc554230890_0, 0, 1;
    %end;
    .thread T_4;
    .scope S_0x5dc554206310;
T_5 ;
    %vpi_call 2 29 "$dumpfile", "tb_top.vcd" {0 0 0};
    %vpi_call 2 30 "$dumpvars", 32'sb11111111111111111111111111111111, S_0x5dc5542064a0 {0 0 0};
    %delay 3705032704, 1;
    %vpi_call 2 31 "$finish" {0 0 0};
    %end;
    .thread T_5;
# The file index is used to find the file name in the following table.
:file_names 5;
    "N/A";
    "<interactive>";
    "tb_top.v";
    "./top.v";
    "./master.v";
