#! /usr/bin/vvp
:ivl_version "12.0 (stable)";
:ivl_delay_selection "TYPICAL";
:vpi_time_precision - 12;
:vpi_module "/usr/lib/x86_64-linux-gnu/ivl/system.vpi";
:vpi_module "/usr/lib/x86_64-linux-gnu/ivl/vhdl_sys.vpi";
:vpi_module "/usr/lib/x86_64-linux-gnu/ivl/vhdl_textio.vpi";
:vpi_module "/usr/lib/x86_64-linux-gnu/ivl/v2005_math.vpi";
:vpi_module "/usr/lib/x86_64-linux-gnu/ivl/va_math.vpi";
S_0x62cb1a464f10 .scope module, "tb_top" "tb_top" 2 5;
 .timescale -9 -12;
v0x62cb1a48c740_0 .var "beg", 0 0;
v0x62cb1a48c830_0 .var "clk", 0 0;
v0x62cb1a48c920_0 .net "scl", 0 0, v0x62cb1a48bb70_0;  1 drivers
v0x62cb1a48ca10_0 .net "sda", 0 0, L_0x62cb1a48cb00;  1 drivers
S_0x62cb1a4650a0 .scope module, "top" "top" 2 19, 3 2 0, S_0x62cb1a464f10;
 .timescale -9 -12;
    .port_info 0 /INPUT 1 "beg";
    .port_info 1 /INPUT 1 "clk";
    .port_info 2 /OUTPUT 1 "sda";
    .port_info 3 /OUTPUT 1 "scl";
o0x7eb1fab722e8 .functor BUFZ 1, C4<z>; HiZ drive
; Elide local net with no drivers, v0x62cb1a48c140_0 name=_ivl_0
v0x62cb1a48c240_0 .net "beg", 0 0, v0x62cb1a48c740_0;  1 drivers
v0x62cb1a48c300_0 .net "clk", 0 0, v0x62cb1a48c830_0;  1 drivers
v0x62cb1a48c400_0 .net "scl", 0 0, v0x62cb1a48bb70_0;  alias, 1 drivers
v0x62cb1a48c4d0_0 .net "sda", 0 0, L_0x62cb1a48cb00;  alias, 1 drivers
v0x62cb1a48c570_0 .net "sda_en", 0 0, v0x62cb1a48bc30_0;  1 drivers
v0x62cb1a48c640_0 .net "sda_out", 0 0, v0x62cb1a48be00_0;  1 drivers
L_0x62cb1a48cb00 .functor MUXZ 1, o0x7eb1fab722e8, v0x62cb1a48be00_0, v0x62cb1a48bc30_0, C4<>;
S_0x62cb1a463260 .scope module, "master" "master" 3 13, 4 1 0, S_0x62cb1a4650a0;
 .timescale -9 -12;
    .port_info 0 /OUTPUT 1 "scl";
    .port_info 1 /OUTPUT 1 "sda_out";
    .port_info 2 /OUTPUT 1 "sda_en";
    .port_info 3 /INPUT 1 "sda_in";
    .port_info 4 /INPUT 1 "clk";
    .port_info 5 /INPUT 1 "beg";
P_0x62cb1a463440 .param/l "Default" 0 4 10, C4<000>;
P_0x62cb1a463480 .param/l "Delay" 0 4 20, +C4<00000000000000000000000000000101>;
P_0x62cb1a4634c0 .param/l "Listen" 0 4 11, C4<110>;
P_0x62cb1a463500 .param/l "Ns" 0 4 19, +C4<00000000000000000000000011111010>;
P_0x62cb1a463540 .param/l "Restart" 0 4 11, C4<101>;
P_0x62cb1a463580 .param/l "Send_Add" 0 4 10, C4<010>;
P_0x62cb1a4635c0 .param/l "Send_Reg" 0 4 11, C4<100>;
P_0x62cb1a463600 .param/l "Start" 0 4 10, C4<001>;
P_0x62cb1a463640 .param/l "Stretch" 0 4 11, C4<011>;
v0x62cb1a43f000_0 .net "beg", 0 0, v0x62cb1a48c740_0;  alias, 1 drivers
v0x62cb1a48b9c0_0 .net "clk", 0 0, v0x62cb1a48c830_0;  alias, 1 drivers
v0x62cb1a48ba80_0 .var "counter", 13 0;
v0x62cb1a48bb70_0 .var "scl", 0 0;
v0x62cb1a48bc30_0 .var "sda_en", 0 0;
v0x62cb1a48bd40_0 .net "sda_in", 0 0, L_0x62cb1a48cb00;  alias, 1 drivers
v0x62cb1a48be00_0 .var "sda_out", 0 0;
v0x62cb1a48bec0_0 .var "st_prev", 2 0;
v0x62cb1a48bfa0_0 .var "state", 2 0;
E_0x62cb1a440060 .event posedge, v0x62cb1a48b9c0_0;
    .scope S_0x62cb1a463260;
T_0 ;
    %pushi/vec4 0, 0, 3;
    %assign/vec4 v0x62cb1a48bfa0_0, 0;
    %pushi/vec4 0, 0, 3;
    %assign/vec4 v0x62cb1a48bec0_0, 0;
    %pushi/vec4 0, 0, 14;
    %assign/vec4 v0x62cb1a48ba80_0, 0;
    %pushi/vec4 1, 0, 1;
    %assign/vec4 v0x62cb1a48be00_0, 0;
    %pushi/vec4 1, 0, 1;
    %assign/vec4 v0x62cb1a48bc30_0, 0;
    %end;
    .thread T_0;
    .scope S_0x62cb1a463260;
T_1 ;
    %wait E_0x62cb1a440060;
    %load/vec4 v0x62cb1a48bfa0_0;
    %dup/vec4;
    %pushi/vec4 0, 0, 3;
    %cmp/u;
    %jmp/1 T_1.0, 6;
    %dup/vec4;
    %pushi/vec4 1, 0, 3;
    %cmp/u;
    %jmp/1 T_1.1, 6;
    %dup/vec4;
    %pushi/vec4 2, 0, 3;
    %cmp/u;
    %jmp/1 T_1.2, 6;
    %dup/vec4;
    %pushi/vec4 3, 0, 3;
    %cmp/u;
    %jmp/1 T_1.3, 6;
    %dup/vec4;
    %pushi/vec4 4, 0, 3;
    %cmp/u;
    %jmp/1 T_1.4, 6;
    %dup/vec4;
    %pushi/vec4 6, 0, 3;
    %cmp/u;
    %jmp/1 T_1.5, 6;
    %jmp T_1.6;
T_1.0 ;
    %load/vec4 v0x62cb1a43f000_0;
    %flag_set/vec4 8;
    %jmp/0xz  T_1.7, 8;
    %pushi/vec4 1, 0, 3;
    %assign/vec4 v0x62cb1a48bfa0_0, 0;
    %jmp T_1.8;
T_1.7 ;
    %pushi/vec4 0, 0, 3;
    %assign/vec4 v0x62cb1a48bfa0_0, 0;
    %pushi/vec4 1, 0, 1;
    %assign/vec4 v0x62cb1a48bb70_0, 0;
    %pushi/vec4 1, 0, 1;
    %assign/vec4 v0x62cb1a48be00_0, 0;
    %pushi/vec4 0, 0, 14;
    %assign/vec4 v0x62cb1a48ba80_0, 0;
T_1.8 ;
    %jmp T_1.6;
T_1.1 ;
    %load/vec4 v0x62cb1a48bec0_0;
    %cmpi/e 0, 0, 3;
    %jmp/0xz  T_1.9, 4;
    %load/vec4 v0x62cb1a48ba80_0;
    %pad/u 32;
    %cmpi/e 250, 0, 32;
    %jmp/0xz  T_1.11, 4;
    %pushi/vec4 0, 0, 1;
    %assign/vec4 v0x62cb1a48be00_0, 0;
    %pushi/vec4 1, 0, 1;
    %assign/vec4 v0x62cb1a48bb70_0, 0;
    %load/vec4 v0x62cb1a48ba80_0;
    %addi 1, 0, 14;
    %assign/vec4 v0x62cb1a48ba80_0, 0;
    %jmp T_1.12;
T_1.11 ;
    %load/vec4 v0x62cb1a48ba80_0;
    %pad/u 32;
    %cmpi/e 500, 0, 32;
    %jmp/0xz  T_1.13, 4;
    %pushi/vec4 0, 0, 1;
    %assign/vec4 v0x62cb1a48be00_0, 0;
    %pushi/vec4 0, 0, 1;
    %assign/vec4 v0x62cb1a48bb70_0, 0;
    %load/vec4 v0x62cb1a48ba80_0;
    %addi 1, 0, 14;
    %assign/vec4 v0x62cb1a48ba80_0, 0;
    %jmp T_1.14;
T_1.13 ;
    %load/vec4 v0x62cb1a48ba80_0;
    %pad/u 32;
    %cmpi/e 750, 0, 32;
    %jmp/0xz  T_1.15, 4;
    %pushi/vec4 1, 0, 1;
    %assign/vec4 v0x62cb1a48be00_0, 0;
    %pushi/vec4 0, 0, 1;
    %assign/vec4 v0x62cb1a48bb70_0, 0;
    %pushi/vec4 0, 0, 14;
    %store/vec4 v0x62cb1a48ba80_0, 0, 14;
    %pushi/vec4 2, 0, 3;
    %assign/vec4 v0x62cb1a48bfa0_0, 0;
    %pushi/vec4 0, 0, 3;
    %assign/vec4 v0x62cb1a48bec0_0, 0;
    %jmp T_1.16;
T_1.15 ;
    %load/vec4 v0x62cb1a48ba80_0;
    %addi 1, 0, 14;
    %assign/vec4 v0x62cb1a48ba80_0, 0;
T_1.16 ;
T_1.14 ;
T_1.12 ;
    %jmp T_1.10;
T_1.9 ;
    %load/vec4 v0x62cb1a48bec0_0;
    %cmpi/e 4, 0, 3;
    %jmp/0xz  T_1.17, 4;
    %load/vec4 v0x62cb1a48ba80_0;
    %pad/u 32;
    %cmpi/e 250, 0, 32;
    %jmp/0xz  T_1.19, 4;
    %pushi/vec4 1, 0, 1;
    %assign/vec4 v0x62cb1a48be00_0, 0;
    %pushi/vec4 1, 0, 1;
    %assign/vec4 v0x62cb1a48bb70_0, 0;
    %load/vec4 v0x62cb1a48ba80_0;
    %addi 1, 0, 14;
    %assign/vec4 v0x62cb1a48ba80_0, 0;
    %jmp T_1.20;
T_1.19 ;
    %load/vec4 v0x62cb1a48ba80_0;
    %pad/u 32;
    %cmpi/e 500, 0, 32;
    %jmp/0xz  T_1.21, 4;
    %pushi/vec4 0, 0, 1;
    %assign/vec4 v0x62cb1a48be00_0, 0;
    %pushi/vec4 1, 0, 1;
    %assign/vec4 v0x62cb1a48bb70_0, 0;
    %load/vec4 v0x62cb1a48ba80_0;
    %addi 1, 0, 14;
    %assign/vec4 v0x62cb1a48ba80_0, 0;
    %jmp T_1.22;
T_1.21 ;
    %load/vec4 v0x62cb1a48ba80_0;
    %pad/u 32;
    %cmpi/e 750, 0, 32;
    %jmp/0xz  T_1.23, 4;
    %pushi/vec4 0, 0, 1;
    %assign/vec4 v0x62cb1a48be00_0, 0;
    %pushi/vec4 0, 0, 1;
    %assign/vec4 v0x62cb1a48bb70_0, 0;
    %load/vec4 v0x62cb1a48ba80_0;
    %addi 1, 0, 14;
    %assign/vec4 v0x62cb1a48ba80_0, 0;
    %jmp T_1.24;
T_1.23 ;
    %load/vec4 v0x62cb1a48ba80_0;
    %pad/u 32;
    %cmpi/e 755, 0, 32;
    %jmp/0xz  T_1.25, 4;
    %pushi/vec4 1, 0, 1;
    %assign/vec4 v0x62cb1a48be00_0, 0;
    %pushi/vec4 0, 0, 1;
    %assign/vec4 v0x62cb1a48bb70_0, 0;
    %pushi/vec4 0, 0, 14;
    %store/vec4 v0x62cb1a48ba80_0, 0, 14;
    %pushi/vec4 2, 0, 3;
    %assign/vec4 v0x62cb1a48bfa0_0, 0;
    %pushi/vec4 5, 0, 3;
    %assign/vec4 v0x62cb1a48bec0_0, 0;
    %jmp T_1.26;
T_1.25 ;
    %load/vec4 v0x62cb1a48ba80_0;
    %addi 1, 0, 14;
    %assign/vec4 v0x62cb1a48ba80_0, 0;
T_1.26 ;
T_1.24 ;
T_1.22 ;
T_1.20 ;
T_1.17 ;
T_1.10 ;
    %jmp T_1.6;
T_1.2 ;
    %load/vec4 v0x62cb1a48bec0_0;
    %cmpi/e 0, 0, 3;
    %jmp/0xz  T_1.27, 4;
    %load/vec4 v0x62cb1a48ba80_0;
    %pad/u 32;
    %pushi/vec4 250, 0, 32;
    %mod;
    %cmpi/e 0, 0, 32;
    %flag_get/vec4 4;
    %jmp/0 T_1.31, 4;
    %load/vec4 v0x62cb1a48ba80_0;
    %pad/u 32;
    %pushi/vec4 500, 0, 32;
    %mod;
    %pushi/vec4 0, 0, 32;
    %cmp/ne;
    %flag_get/vec4 4;
    %and;
T_1.31;
    %flag_set/vec4 8;
    %jmp/0xz  T_1.29, 8;
    %load/vec4 v0x62cb1a48bb70_0;
    %inv;
    %assign/vec4 v0x62cb1a48bb70_0, 0;
    %load/vec4 v0x62cb1a48ba80_0;
    %addi 1, 0, 14;
    %assign/vec4 v0x62cb1a48ba80_0, 0;
    %jmp T_1.30;
T_1.29 ;
    %load/vec4 v0x62cb1a48ba80_0;
    %pad/u 32;
    %pushi/vec4 500, 0, 32;
    %mod;
    %cmpi/e 0, 0, 32;
    %jmp/0xz  T_1.32, 4;
    %pushi/vec4 0, 0, 1;
    %assign/vec4 v0x62cb1a48bb70_0, 0;
    %load/vec4 v0x62cb1a48ba80_0;
    %addi 1, 0, 14;
    %assign/vec4 v0x62cb1a48ba80_0, 0;
    %jmp T_1.33;
T_1.32 ;
    %load/vec4 v0x62cb1a48ba80_0;
    %pad/u 32;
    %cmpi/e 505, 0, 32;
    %jmp/0xz  T_1.34, 4;
    %pushi/vec4 1, 0, 1;
    %assign/vec4 v0x62cb1a48be00_0, 0;
    %load/vec4 v0x62cb1a48ba80_0;
    %addi 1, 0, 14;
    %assign/vec4 v0x62cb1a48ba80_0, 0;
    %jmp T_1.35;
T_1.34 ;
    %load/vec4 v0x62cb1a48ba80_0;
    %pad/u 32;
    %cmpi/e 1005, 0, 32;
    %jmp/0xz  T_1.36, 4;
    %pushi/vec4 0, 0, 1;
    %assign/vec4 v0x62cb1a48be00_0, 0;
    %load/vec4 v0x62cb1a48ba80_0;
    %addi 1, 0, 14;
    %assign/vec4 v0x62cb1a48ba80_0, 0;
    %jmp T_1.37;
T_1.36 ;
    %load/vec4 v0x62cb1a48ba80_0;
    %pad/u 32;
    %cmpi/e 1505, 0, 32;
    %jmp/0xz  T_1.38, 4;
    %pushi/vec4 1, 0, 1;
    %assign/vec4 v0x62cb1a48be00_0, 0;
    %load/vec4 v0x62cb1a48ba80_0;
    %addi 1, 0, 14;
    %assign/vec4 v0x62cb1a48ba80_0, 0;
    %jmp T_1.39;
T_1.38 ;
    %load/vec4 v0x62cb1a48ba80_0;
    %pad/u 32;
    %cmpi/e 2005, 0, 32;
    %jmp/0xz  T_1.40, 4;
    %pushi/vec4 0, 0, 1;
    %assign/vec4 v0x62cb1a48be00_0, 0;
    %load/vec4 v0x62cb1a48ba80_0;
    %addi 1, 0, 14;
    %assign/vec4 v0x62cb1a48ba80_0, 0;
    %jmp T_1.41;
T_1.40 ;
    %load/vec4 v0x62cb1a48ba80_0;
    %pad/u 32;
    %cmpi/e 2505, 0, 32;
    %jmp/0xz  T_1.42, 4;
    %pushi/vec4 0, 0, 1;
    %assign/vec4 v0x62cb1a48be00_0, 0;
    %load/vec4 v0x62cb1a48ba80_0;
    %addi 1, 0, 14;
    %assign/vec4 v0x62cb1a48ba80_0, 0;
    %jmp T_1.43;
T_1.42 ;
    %load/vec4 v0x62cb1a48ba80_0;
    %pad/u 32;
    %cmpi/e 3005, 0, 32;
    %jmp/0xz  T_1.44, 4;
    %pushi/vec4 0, 0, 1;
    %assign/vec4 v0x62cb1a48be00_0, 0;
    %load/vec4 v0x62cb1a48ba80_0;
    %addi 1, 0, 14;
    %assign/vec4 v0x62cb1a48ba80_0, 0;
    %jmp T_1.45;
T_1.44 ;
    %load/vec4 v0x62cb1a48ba80_0;
    %pad/u 32;
    %cmpi/e 3505, 0, 32;
    %jmp/0xz  T_1.46, 4;
    %pushi/vec4 0, 0, 1;
    %assign/vec4 v0x62cb1a48be00_0, 0;
    %load/vec4 v0x62cb1a48ba80_0;
    %addi 1, 0, 14;
    %assign/vec4 v0x62cb1a48ba80_0, 0;
    %jmp T_1.47;
T_1.46 ;
    %load/vec4 v0x62cb1a48ba80_0;
    %pad/u 32;
    %cmpi/e 4005, 0, 32;
    %jmp/0xz  T_1.48, 4;
    %pushi/vec4 1, 0, 1;
    %assign/vec4 v0x62cb1a48be00_0, 0;
    %pushi/vec4 0, 0, 1;
    %assign/vec4 v0x62cb1a48bc30_0, 0;
    %load/vec4 v0x62cb1a48ba80_0;
    %addi 1, 0, 14;
    %assign/vec4 v0x62cb1a48ba80_0, 0;
    %jmp T_1.49;
T_1.48 ;
    %load/vec4 v0x62cb1a48ba80_0;
    %pad/u 32;
    %cmpi/e 4505, 0, 32;
    %jmp/0xz  T_1.50, 4;
    %pushi/vec4 1, 0, 1;
    %assign/vec4 v0x62cb1a48bc30_0, 0;
    %pushi/vec4 1, 0, 1;
    %assign/vec4 v0x62cb1a48be00_0, 0;
    %pushi/vec4 0, 0, 14;
    %assign/vec4 v0x62cb1a48ba80_0, 0;
    %pushi/vec4 3, 0, 3;
    %assign/vec4 v0x62cb1a48bfa0_0, 0;
    %pushi/vec4 2, 0, 3;
    %assign/vec4 v0x62cb1a48bec0_0, 0;
    %jmp T_1.51;
T_1.50 ;
    %load/vec4 v0x62cb1a48ba80_0;
    %addi 1, 0, 14;
    %assign/vec4 v0x62cb1a48ba80_0, 0;
T_1.51 ;
T_1.49 ;
T_1.47 ;
T_1.45 ;
T_1.43 ;
T_1.41 ;
T_1.39 ;
T_1.37 ;
T_1.35 ;
T_1.33 ;
T_1.30 ;
    %jmp T_1.28;
T_1.27 ;
    %load/vec4 v0x62cb1a48bec0_0;
    %cmpi/e 5, 0, 3;
    %jmp/0xz  T_1.52, 4;
    %load/vec4 v0x62cb1a48ba80_0;
    %pad/u 32;
    %pushi/vec4 250, 0, 32;
    %mod;
    %cmpi/e 0, 0, 32;
    %flag_get/vec4 4;
    %jmp/0 T_1.56, 4;
    %load/vec4 v0x62cb1a48ba80_0;
    %pad/u 32;
    %pushi/vec4 500, 0, 32;
    %mod;
    %pushi/vec4 0, 0, 32;
    %cmp/ne;
    %flag_get/vec4 4;
    %and;
T_1.56;
    %flag_set/vec4 8;
    %jmp/0xz  T_1.54, 8;
    %load/vec4 v0x62cb1a48bb70_0;
    %inv;
    %assign/vec4 v0x62cb1a48bb70_0, 0;
    %load/vec4 v0x62cb1a48ba80_0;
    %addi 1, 0, 14;
    %assign/vec4 v0x62cb1a48ba80_0, 0;
    %jmp T_1.55;
T_1.54 ;
    %load/vec4 v0x62cb1a48ba80_0;
    %pad/u 32;
    %pushi/vec4 500, 0, 32;
    %mod;
    %cmpi/e 0, 0, 32;
    %jmp/0xz  T_1.57, 4;
    %pushi/vec4 0, 0, 1;
    %assign/vec4 v0x62cb1a48bb70_0, 0;
    %load/vec4 v0x62cb1a48ba80_0;
    %addi 1, 0, 14;
    %assign/vec4 v0x62cb1a48ba80_0, 0;
    %jmp T_1.58;
T_1.57 ;
    %load/vec4 v0x62cb1a48ba80_0;
    %pad/u 32;
    %cmpi/e 505, 0, 32;
    %jmp/0xz  T_1.59, 4;
    %pushi/vec4 1, 0, 1;
    %assign/vec4 v0x62cb1a48be00_0, 0;
    %load/vec4 v0x62cb1a48ba80_0;
    %addi 1, 0, 14;
    %assign/vec4 v0x62cb1a48ba80_0, 0;
    %jmp T_1.60;
T_1.59 ;
    %load/vec4 v0x62cb1a48ba80_0;
    %pad/u 32;
    %cmpi/e 1005, 0, 32;
    %jmp/0xz  T_1.61, 4;
    %pushi/vec4 0, 0, 1;
    %assign/vec4 v0x62cb1a48be00_0, 0;
    %load/vec4 v0x62cb1a48ba80_0;
    %addi 1, 0, 14;
    %assign/vec4 v0x62cb1a48ba80_0, 0;
    %jmp T_1.62;
T_1.61 ;
    %load/vec4 v0x62cb1a48ba80_0;
    %pad/u 32;
    %cmpi/e 1505, 0, 32;
    %jmp/0xz  T_1.63, 4;
    %pushi/vec4 1, 0, 1;
    %assign/vec4 v0x62cb1a48be00_0, 0;
    %load/vec4 v0x62cb1a48ba80_0;
    %addi 1, 0, 14;
    %assign/vec4 v0x62cb1a48ba80_0, 0;
    %jmp T_1.64;
T_1.63 ;
    %load/vec4 v0x62cb1a48ba80_0;
    %pad/u 32;
    %cmpi/e 2005, 0, 32;
    %jmp/0xz  T_1.65, 4;
    %pushi/vec4 0, 0, 1;
    %assign/vec4 v0x62cb1a48be00_0, 0;
    %load/vec4 v0x62cb1a48ba80_0;
    %addi 1, 0, 14;
    %assign/vec4 v0x62cb1a48ba80_0, 0;
    %jmp T_1.66;
T_1.65 ;
    %load/vec4 v0x62cb1a48ba80_0;
    %pad/u 32;
    %cmpi/e 2505, 0, 32;
    %jmp/0xz  T_1.67, 4;
    %pushi/vec4 0, 0, 1;
    %assign/vec4 v0x62cb1a48be00_0, 0;
    %load/vec4 v0x62cb1a48ba80_0;
    %addi 1, 0, 14;
    %assign/vec4 v0x62cb1a48ba80_0, 0;
    %jmp T_1.68;
T_1.67 ;
    %load/vec4 v0x62cb1a48ba80_0;
    %pad/u 32;
    %cmpi/e 3005, 0, 32;
    %jmp/0xz  T_1.69, 4;
    %pushi/vec4 0, 0, 1;
    %assign/vec4 v0x62cb1a48be00_0, 0;
    %load/vec4 v0x62cb1a48ba80_0;
    %addi 1, 0, 14;
    %assign/vec4 v0x62cb1a48ba80_0, 0;
    %jmp T_1.70;
T_1.69 ;
    %load/vec4 v0x62cb1a48ba80_0;
    %pad/u 32;
    %cmpi/e 3505, 0, 32;
    %jmp/0xz  T_1.71, 4;
    %pushi/vec4 1, 0, 1;
    %assign/vec4 v0x62cb1a48be00_0, 0;
    %load/vec4 v0x62cb1a48ba80_0;
    %addi 1, 0, 14;
    %assign/vec4 v0x62cb1a48ba80_0, 0;
    %jmp T_1.72;
T_1.71 ;
    %load/vec4 v0x62cb1a48ba80_0;
    %pad/u 32;
    %cmpi/e 4005, 0, 32;
    %jmp/0xz  T_1.73, 4;
    %pushi/vec4 1, 0, 1;
    %assign/vec4 v0x62cb1a48be00_0, 0;
    %pushi/vec4 0, 0, 1;
    %assign/vec4 v0x62cb1a48bc30_0, 0;
    %load/vec4 v0x62cb1a48ba80_0;
    %addi 1, 0, 14;
    %assign/vec4 v0x62cb1a48ba80_0, 0;
    %jmp T_1.74;
T_1.73 ;
    %load/vec4 v0x62cb1a48ba80_0;
    %pad/u 32;
    %cmpi/e 4505, 0, 32;
    %jmp/0xz  T_1.75, 4;
    %pushi/vec4 1, 0, 1;
    %assign/vec4 v0x62cb1a48bc30_0, 0;
    %pushi/vec4 0, 0, 1;
    %assign/vec4 v0x62cb1a48be00_0, 0;
    %pushi/vec4 0, 0, 14;
    %assign/vec4 v0x62cb1a48ba80_0, 0;
    %pushi/vec4 3, 0, 3;
    %assign/vec4 v0x62cb1a48bfa0_0, 0;
    %pushi/vec4 5, 0, 3;
    %assign/vec4 v0x62cb1a48bec0_0, 0;
    %jmp T_1.76;
T_1.75 ;
    %load/vec4 v0x62cb1a48ba80_0;
    %addi 1, 0, 14;
    %assign/vec4 v0x62cb1a48ba80_0, 0;
T_1.76 ;
T_1.74 ;
T_1.72 ;
T_1.70 ;
T_1.68 ;
T_1.66 ;
T_1.64 ;
T_1.62 ;
T_1.60 ;
T_1.58 ;
T_1.55 ;
T_1.52 ;
T_1.28 ;
    %jmp T_1.6;
T_1.3 ;
    %load/vec4 v0x62cb1a48bec0_0;
    %cmpi/e 2, 0, 3;
    %jmp/0xz  T_1.77, 4;
    %load/vec4 v0x62cb1a48ba80_0;
    %pad/u 32;
    %cmpi/e 250, 0, 32;
    %jmp/0xz  T_1.79, 4;
    %pushi/vec4 0, 0, 1;
    %assign/vec4 v0x62cb1a48be00_0, 0;
    %pushi/vec4 0, 0, 1;
    %assign/vec4 v0x62cb1a48bb70_0, 0;
    %pushi/vec4 0, 0, 14;
    %assign/vec4 v0x62cb1a48ba80_0, 0;
    %pushi/vec4 4, 0, 3;
    %assign/vec4 v0x62cb1a48bfa0_0, 0;
    %jmp T_1.80;
T_1.79 ;
    %load/vec4 v0x62cb1a48ba80_0;
    %addi 1, 0, 14;
    %assign/vec4 v0x62cb1a48ba80_0, 0;
T_1.80 ;
    %jmp T_1.78;
T_1.77 ;
    %load/vec4 v0x62cb1a48bec0_0;
    %cmpi/e 4, 0, 3;
    %jmp/0xz  T_1.81, 4;
    %load/vec4 v0x62cb1a48ba80_0;
    %pad/u 32;
    %cmpi/e 250, 0, 32;
    %jmp/0xz  T_1.83, 4;
    %pushi/vec4 1, 0, 1;
    %assign/vec4 v0x62cb1a48be00_0, 0;
    %pushi/vec4 0, 0, 1;
    %assign/vec4 v0x62cb1a48bb70_0, 0;
    %pushi/vec4 0, 0, 14;
    %assign/vec4 v0x62cb1a48ba80_0, 0;
    %pushi/vec4 1, 0, 3;
    %assign/vec4 v0x62cb1a48bfa0_0, 0;
    %pushi/vec4 4, 0, 3;
    %assign/vec4 v0x62cb1a48bec0_0, 0;
    %jmp T_1.84;
T_1.83 ;
    %load/vec4 v0x62cb1a48ba80_0;
    %addi 1, 0, 14;
    %assign/vec4 v0x62cb1a48ba80_0, 0;
T_1.84 ;
    %jmp T_1.82;
T_1.81 ;
    %load/vec4 v0x62cb1a48bec0_0;
    %cmpi/e 5, 0, 3;
    %jmp/0xz  T_1.85, 4;
    %load/vec4 v0x62cb1a48ba80_0;
    %pad/u 32;
    %cmpi/e 250, 0, 32;
    %jmp/0xz  T_1.87, 4;
    %pushi/vec4 0, 0, 1;
    %assign/vec4 v0x62cb1a48be00_0, 0;
    %pushi/vec4 0, 0, 1;
    %assign/vec4 v0x62cb1a48bb70_0, 0;
    %pushi/vec4 0, 0, 14;
    %assign/vec4 v0x62cb1a48ba80_0, 0;
    %pushi/vec4 6, 0, 3;
    %assign/vec4 v0x62cb1a48bfa0_0, 0;
    %pushi/vec4 0, 0, 1;
    %assign/vec4 v0x62cb1a48bc30_0, 0;
    %jmp T_1.88;
T_1.87 ;
    %load/vec4 v0x62cb1a48ba80_0;
    %addi 1, 0, 14;
    %assign/vec4 v0x62cb1a48ba80_0, 0;
T_1.88 ;
T_1.85 ;
T_1.82 ;
T_1.78 ;
    %jmp T_1.6;
T_1.4 ;
    %load/vec4 v0x62cb1a48ba80_0;
    %pad/u 32;
    %pushi/vec4 250, 0, 32;
    %mod;
    %cmpi/e 0, 0, 32;
    %flag_get/vec4 4;
    %jmp/0 T_1.91, 4;
    %load/vec4 v0x62cb1a48ba80_0;
    %pad/u 32;
    %pushi/vec4 500, 0, 32;
    %mod;
    %pushi/vec4 0, 0, 32;
    %cmp/ne;
    %flag_get/vec4 4;
    %and;
T_1.91;
    %flag_set/vec4 8;
    %jmp/0xz  T_1.89, 8;
    %load/vec4 v0x62cb1a48bb70_0;
    %inv;
    %assign/vec4 v0x62cb1a48bb70_0, 0;
    %load/vec4 v0x62cb1a48ba80_0;
    %addi 1, 0, 14;
    %assign/vec4 v0x62cb1a48ba80_0, 0;
    %jmp T_1.90;
T_1.89 ;
    %load/vec4 v0x62cb1a48ba80_0;
    %pad/u 32;
    %pushi/vec4 500, 0, 32;
    %mod;
    %cmpi/e 0, 0, 32;
    %jmp/0xz  T_1.92, 4;
    %pushi/vec4 0, 0, 1;
    %assign/vec4 v0x62cb1a48bb70_0, 0;
    %load/vec4 v0x62cb1a48ba80_0;
    %addi 1, 0, 14;
    %assign/vec4 v0x62cb1a48ba80_0, 0;
    %jmp T_1.93;
T_1.92 ;
    %load/vec4 v0x62cb1a48ba80_0;
    %pad/u 32;
    %cmpi/e 4005, 0, 32;
    %jmp/0xz  T_1.94, 4;
    %pushi/vec4 1, 0, 1;
    %assign/vec4 v0x62cb1a48be00_0, 0;
    %pushi/vec4 0, 0, 1;
    %assign/vec4 v0x62cb1a48bc30_0, 0;
    %load/vec4 v0x62cb1a48ba80_0;
    %addi 1, 0, 14;
    %assign/vec4 v0x62cb1a48ba80_0, 0;
    %jmp T_1.95;
T_1.94 ;
    %load/vec4 v0x62cb1a48ba80_0;
    %pad/u 32;
    %cmpi/e 4505, 0, 32;
    %jmp/0xz  T_1.96, 4;
    %pushi/vec4 1, 0, 1;
    %assign/vec4 v0x62cb1a48bc30_0, 0;
    %pushi/vec4 0, 0, 1;
    %assign/vec4 v0x62cb1a48be00_0, 0;
    %pushi/vec4 0, 0, 14;
    %assign/vec4 v0x62cb1a48ba80_0, 0;
    %pushi/vec4 3, 0, 3;
    %assign/vec4 v0x62cb1a48bfa0_0, 0;
    %pushi/vec4 4, 0, 3;
    %assign/vec4 v0x62cb1a48bec0_0, 0;
    %jmp T_1.97;
T_1.96 ;
    %load/vec4 v0x62cb1a48ba80_0;
    %addi 1, 0, 14;
    %assign/vec4 v0x62cb1a48ba80_0, 0;
T_1.97 ;
T_1.95 ;
T_1.93 ;
T_1.90 ;
    %jmp T_1.6;
T_1.5 ;
    %load/vec4 v0x62cb1a48ba80_0;
    %pad/u 32;
    %pushi/vec4 250, 0, 32;
    %mod;
    %cmpi/e 0, 0, 32;
    %flag_get/vec4 4;
    %jmp/0 T_1.100, 4;
    %load/vec4 v0x62cb1a48ba80_0;
    %pad/u 32;
    %pushi/vec4 500, 0, 32;
    %mod;
    %pushi/vec4 0, 0, 32;
    %cmp/ne;
    %flag_get/vec4 4;
    %and;
T_1.100;
    %flag_set/vec4 8;
    %jmp/0xz  T_1.98, 8;
    %load/vec4 v0x62cb1a48bb70_0;
    %inv;
    %assign/vec4 v0x62cb1a48bb70_0, 0;
    %load/vec4 v0x62cb1a48ba80_0;
    %addi 1, 0, 14;
    %assign/vec4 v0x62cb1a48ba80_0, 0;
    %jmp T_1.99;
T_1.98 ;
    %load/vec4 v0x62cb1a48ba80_0;
    %pad/u 32;
    %pushi/vec4 500, 0, 32;
    %mod;
    %cmpi/e 0, 0, 32;
    %jmp/0xz  T_1.101, 4;
    %pushi/vec4 0, 0, 1;
    %assign/vec4 v0x62cb1a48bb70_0, 0;
    %load/vec4 v0x62cb1a48ba80_0;
    %addi 1, 0, 14;
    %assign/vec4 v0x62cb1a48ba80_0, 0;
    %jmp T_1.102;
T_1.101 ;
    %load/vec4 v0x62cb1a48ba80_0;
    %pad/u 32;
    %cmpi/e 505, 0, 32;
    %jmp/0xz  T_1.103, 4;
    %pushi/vec4 1, 0, 1;
    %assign/vec4 v0x62cb1a48be00_0, 0;
    %load/vec4 v0x62cb1a48ba80_0;
    %addi 1, 0, 14;
    %assign/vec4 v0x62cb1a48ba80_0, 0;
    %jmp T_1.104;
T_1.103 ;
    %load/vec4 v0x62cb1a48ba80_0;
    %addi 1, 0, 14;
    %assign/vec4 v0x62cb1a48ba80_0, 0;
T_1.104 ;
T_1.102 ;
T_1.99 ;
    %jmp T_1.6;
T_1.6 ;
    %pop/vec4 1;
    %jmp T_1;
    .thread T_1;
    .scope S_0x62cb1a464f10;
T_2 ;
    %pushi/vec4 0, 0, 1;
    %store/vec4 v0x62cb1a48c830_0, 0, 1;
    %pushi/vec4 0, 0, 1;
    %store/vec4 v0x62cb1a48c740_0, 0, 1;
    %end;
    .thread T_2;
    .scope S_0x62cb1a464f10;
T_3 ;
    %delay 41667, 0;
    %load/vec4 v0x62cb1a48c830_0;
    %inv;
    %store/vec4 v0x62cb1a48c830_0, 0, 1;
    %jmp T_3;
    .thread T_3;
    .scope S_0x62cb1a464f10;
T_4 ;
    %delay 416000670, 0;
    %pushi/vec4 1, 0, 1;
    %store/vec4 v0x62cb1a48c740_0, 0, 1;
    %end;
    .thread T_4;
    .scope S_0x62cb1a464f10;
T_5 ;
    %vpi_call 2 27 "$dumpfile", "tb_top.vcd" {0 0 0};
    %vpi_call 2 28 "$dumpvars", 32'sb11111111111111111111111111111111, S_0x62cb1a4650a0 {0 0 0};
    %delay 4000000000, 0;
    %vpi_call 2 29 "$finish" {0 0 0};
    %end;
    .thread T_5;
# The file index is used to find the file name in the following table.
:file_names 5;
    "N/A";
    "<interactive>";
    "tb_top.v";
    "./top.v";
    "./master.v";
